<?xml version="1.0" encoding="UTF-8"?>
<!-- Generated by org.testng.reporters.JUnitReportReporter -->
<testsuite hostname="LAPTOP-O680H5P2" name="com.ats.test.NewProjectPageTest" tests="1" failures="0" timestamp="16 Jan 2020 10:12:07 GMT" time="145.108" errors="0">
  <testcase name="verifyprojectTitleDetail" time="145.108" classname="com.ats.test.NewProjectPageTest"/>
</testsuite> <!-- com.ats.test.NewProjectPageTest -->
