<?xml version="1.0" encoding="UTF-8"?>
<!-- Generated by org.testng.reporters.JUnitReportReporter -->
<testsuite hostname="LAPTOP-O680H5P2" name="com.ats.test.NewProjectPageTest" tests="1" failures="0" timestamp="28 Dec 2019 01:26:11 GMT" time="56.129" errors="0">
  <testcase name="verifyprojectTitleDetail" time="56.129" classname="com.ats.test.NewProjectPageTest"/>
</testsuite> <!-- com.ats.test.NewProjectPageTest -->
