<?xml version="1.0" encoding="UTF-8"?>
<!-- Generated by org.testng.reporters.JUnitReportReporter -->
<testsuite hostname="LAPTOP-O680H5P2" name="com.ats.test.LoginPageTest" tests="2" failures="0" timestamp="16 Jan 2020 10:12:07 GMT" time="27.819" errors="0">
  <testcase name="verifyLoginPageTitleTest" time="13.875" classname="com.ats.test.LoginPageTest"/>
  <testcase name="ATSLoginTest_1" time="13.944" classname="com.ats.test.LoginPageTest"/>
</testsuite> <!-- com.ats.test.LoginPageTest -->
